
Showing logs for build [32mcb-kubecd-bdd-gh-1568281553-pr-1[0m stage [32mmeta-pipeline[0m and container [32mstep-credential-initializer-75txk[0m
{"level":"warn","ts":1568281875.7592208,"logger":"fallback-logger","caller":"logging/config.go:69","msg":"Fetch GitHub commit ID from kodata failed: \"ref: refs/heads/master\" is not a valid GitHub commit ID"}
{"level":"info","ts":1568281875.7598119,"logger":"fallback-logger","caller":"creds-init/main.go:40","msg":"Credentials initialized."}

Showing logs for build [32mcb-kubecd-bdd-gh-1568281553-pr-1[0m stage [32mmeta-pipeline[0m and container [32mstep-working-dir-initializer-9zf62[0m
{"level":"warn","ts":1568281877.2105892,"logger":"fallback-logger","caller":"logging/config.go:69","msg":"Fetch GitHub commit ID from kodata failed: open /var/run/ko/HEAD: no such file or directory"}
{"level":"info","ts":1568281877.212285,"logger":"fallback-logger","caller":"bash/main.go:65","msg":"Successfully executed command \"mkdir -p /workspace/source\""}

Showing logs for build [32mcb-kubecd-bdd-gh-1568281553-pr-1[0m stage [32mmeta-pipeline[0m and container [32mstep-place-tools[0m

Showing logs for build [32mcb-kubecd-bdd-gh-1568281553-pr-1[0m stage [32mmeta-pipeline[0m and container [32mstep-git-source-meta-cb-kubecd-bdd-gh-156828155-w796j[0m
{"level":"warn","ts":1568281882.3086238,"logger":"fallback-logger","caller":"logging/config.go:69","msg":"Fetch GitHub commit ID from kodata failed: \"ref: refs/heads/master\" is not a valid GitHub commit ID"}
{"level":"info","ts":1568281883.3750165,"logger":"fallback-logger","caller":"git/git.go:102","msg":"Successfully cloned https://github.com/cb-kubecd/bdd-gh-1568281553.git @ 18ab4eed89cc4ecd0966c10bd8dee3040789574a in path /workspace/source"}

Showing logs for build [32mcb-kubecd-bdd-gh-1568281553-pr-1[0m stage [32mmeta-pipeline[0m and container [32mstep-git-merge[0m
Using SHAs from PULL_REFS=master:18ab4eed89cc4ecd0966c10bd8dee3040789574a,1:890b500a811531e6af9d14cc56ef2dd33cf5953b
DEBUG: ran git fetch --unshallow origin 890b500a811531e6af9d14cc56ef2dd33cf5953b: 18ab4eed89cc4ecd0966c10bd8dee3040789574a: in 
DEBUG: ran git checkout master in 
DEBUG: ran git reset --hard 18ab4eed89cc4ecd0966c10bd8dee3040789574a in 
DEBUG: ran clean --force -d . in 
DEBUG: ran git merge 890b500a811531e6af9d14cc56ef2dd33cf5953b in 
Merged SHA 890b500a811531e6af9d14cc56ef2dd33cf5953b with commit message 'My first PR commit' into base branch master

Showing logs for build [32mcb-kubecd-bdd-gh-1568281553-pr-1[0m stage [32mmeta-pipeline[0m and container [32mstep-merge-pull-refs[0m
DEBUG: ran git fetch origin 890b500a811531e6af9d14cc56ef2dd33cf5953b: 18ab4eed89cc4ecd0966c10bd8dee3040789574a: in 
DEBUG: Unshallowed git repo in 
DEBUG: ran git checkout master in 
DEBUG: ran git reset --hard 18ab4eed89cc4ecd0966c10bd8dee3040789574a in 
DEBUG: ran clean --force -d . in 
DEBUG: ran git merge 890b500a811531e6af9d14cc56ef2dd33cf5953b in 
Merged SHA 890b500a811531e6af9d14cc56ef2dd33cf5953b with commit message 'My first PR commit' into base branch master

Showing logs for build [32mcb-kubecd-bdd-gh-1568281553-pr-1[0m stage [32mmeta-pipeline[0m and container [32mstep-create-effective-pipeline[0m
Deleting and cloning the Jenkins X versions repo
Cloning the Jenkins X versions repo https://github.com/jenkins-x/jenkins-x-versions.git with ref refs/heads/master to /builder/home/.**/jenkins-x-versions
Effective pipeline written to jenkins-x-serverless-jenkins-effective.yml

Showing logs for build [32mcb-kubecd-bdd-gh-1568281553-pr-1[0m stage [32mmeta-pipeline[0m and container [32mstep-create-tekton-crds[0m
PipelineActivity for cb-kubecd-bdd-gh-1568281553-PR-1-1
Applying changes 
upserted PipelineResource cb-kubecd-bdd-gh-1568281553-pr for the git repository https://github.com/cb-kubecd/bdd-gh-1568281553.git
upserted Task cb-kubecd-bdd-gh-1568281553-pr-from-build-pack-1
upserted Pipeline cb-kubecd-bdd-gh-1568281553-pr-1
created PipelineRun cb-kubecd-bdd-gh-1568281553-pr-1
created PipelineStructure cb-kubecd-bdd-gh-1568281553-pr-1

Showing logs for build [32mcb-kubecd-bdd-gh-1568281553-pr-1[0m stage [32mfrom-build-pack[0m and container [32mstep-credential-initializer-svxk6[0m
{"level":"warn","ts":1568281895.0676427,"logger":"fallback-logger","caller":"logging/config.go:69","msg":"Fetch GitHub commit ID from kodata failed: \"ref: refs/heads/master\" is not a valid GitHub commit ID"}
{"level":"info","ts":1568281895.0681815,"logger":"fallback-logger","caller":"creds-init/main.go:40","msg":"Credentials initialized."}

Showing logs for build [32mcb-kubecd-bdd-gh-1568281553-pr-1[0m stage [32mfrom-build-pack[0m and container [32mstep-working-dir-initializer-bjfwv[0m
{"level":"warn","ts":1568281896.419734,"logger":"fallback-logger","caller":"logging/config.go:69","msg":"Fetch GitHub commit ID from kodata failed: open /var/run/ko/HEAD: no such file or directory"}
{"level":"info","ts":1568281896.4212534,"logger":"fallback-logger","caller":"bash/main.go:65","msg":"Successfully executed command \"mkdir -p /workspace/source /workspace/source/charts/preview\""}

Showing logs for build [32mcb-kubecd-bdd-gh-1568281553-pr-1[0m stage [32mfrom-build-pack[0m and container [32mstep-place-tools[0m

Showing logs for build [32mcb-kubecd-bdd-gh-1568281553-pr-1[0m stage [32mfrom-build-pack[0m and container [32mstep-git-source-cb-kubecd-bdd-gh-1568281553-pr-l4pkd[0m
{"level":"warn","ts":1568281901.5705945,"logger":"fallback-logger","caller":"logging/config.go:69","msg":"Fetch GitHub commit ID from kodata failed: \"ref: refs/heads/master\" is not a valid GitHub commit ID"}
{"level":"info","ts":1568281902.6344006,"logger":"fallback-logger","caller":"git/git.go:102","msg":"Successfully cloned https://github.com/cb-kubecd/bdd-gh-1568281553.git @ master in path /workspace/source"}

Showing logs for build [32mcb-kubecd-bdd-gh-1568281553-pr-1[0m stage [32mfrom-build-pack[0m and container [32mstep-git-merge[0m
Using SHAs from PULL_REFS=master:18ab4eed89cc4ecd0966c10bd8dee3040789574a,1:890b500a811531e6af9d14cc56ef2dd33cf5953b
DEBUG: ran git fetch --unshallow origin 890b500a811531e6af9d14cc56ef2dd33cf5953b: 18ab4eed89cc4ecd0966c10bd8dee3040789574a: in 
DEBUG: ran git checkout master in 
DEBUG: ran git reset --hard 18ab4eed89cc4ecd0966c10bd8dee3040789574a in 
DEBUG: ran clean --force -d . in 
DEBUG: ran git merge 890b500a811531e6af9d14cc56ef2dd33cf5953b in 
Merged SHA 890b500a811531e6af9d14cc56ef2dd33cf5953b with commit message 'My first PR commit' into base branch master

Showing logs for build [32mcb-kubecd-bdd-gh-1568281553-pr-1[0m stage [32mfrom-build-pack[0m and container [32mstep-build-make-linux[0m
CGO_ENABLED=0 GOOS=linux GOARCH=amd64 GO15VENDOREXPERIMENT=1 go build -ldflags '' -o bin/bdd-gh-1568281553 main.go

Showing logs for build [32mcb-kubecd-bdd-gh-1568281553-pr-1[0m stage [32mfrom-build-pack[0m and container [32mstep-build-container-build[0m
[36mINFO[0m[0000] No base image, nothing to extract            
[36mINFO[0m[0000] cmd: EXPOSE                                  
[36mINFO[0m[0000] Adding exposed port: 8080/tcp                
[36mINFO[0m[0000] Using files from context: [/workspace/source/bin] 
[36mINFO[0m[0000] Skipping unpacking as no commands require it. 
[36mINFO[0m[0000] Taking snapshot of full filesystem...        
[36mINFO[0m[0000] EXPOSE 8080                                  
[36mINFO[0m[0000] cmd: EXPOSE                                  
[36mINFO[0m[0000] Adding exposed port: 8080/tcp                
[36mINFO[0m[0000] No files changed in this command, skipping snapshotting. 
[36mINFO[0m[0000] ENTRYPOINT ["/bdd-gh-1568281553"]            
[36mINFO[0m[0000] No files changed in this command, skipping snapshotting. 
[36mINFO[0m[0000] Using files from context: [/workspace/source/bin] 
[36mINFO[0m[0000] COPY ./bin/ /                                
[36mINFO[0m[0000] Taking snapshot of files...                  
2019/09/12 09:51:55 pushed blob: sha256:2b7a52834710a1122f24ceaf5aaf2d20d628c1d974ecee23f9df3069e0eb753b
2019/09/12 09:51:56 pushed blob: sha256:9d2ce20beb15c50f28621a812a965a6c22111d3f07f32724f079f1646c8bb395
2019/09/12 09:51:58 gcr.io/jenkins-x-bdd3/bdd-gh-1568281553:0.0.0-SNAPSHOT-PR-1-1: digest: sha256:b435e6c398b15456588717962773a3277693e4abbfba5332643fd242f5c703a2 size: 428

Showing logs for build [32mcb-kubecd-bdd-gh-1568281553-pr-1[0m stage [32mfrom-build-pack[0m and container [32mstep-postbuild-post-build[0m
no CVE provider running in the current ** namespace so skip adding image to be analysed

Showing logs for build [32mcb-kubecd-bdd-gh-1568281553-pr-1[0m stage [32mfrom-build-pack[0m and container [32mstep-promote-make-preview[0m
sed -i -e "s/version:.*/version: 0.0.0-SNAPSHOT-PR-1-1/" Chart.yaml
sed -i -e "s/version:.*/version: 0.0.0-SNAPSHOT-PR-1-1/" ../*/Chart.yaml
sed -i -e "s|repository:.*|repository: gcr.io\/jenkins-x-bdd3\/bdd-gh-1568281553|" values.yaml
sed -i -e "s/tag:.*/tag: 0.0.0-SNAPSHOT-PR-1-1/" values.yaml
echo "  version: 0.0.0-SNAPSHOT-PR-1-1" >> requirements.yaml
** step helm build
WARNING: No $CHART_REPOSITORY defined so using the default value of: http://jenkins-x-chartmuseum:8080
Adding missing Helm repo: storage.googleapis.com https://storage.googleapis.com/chartmuseum.jenkins-x.io
Successfully added Helm repository storage.googleapis.com.
Adding missing Helm repo: jenkins-x-chartmuseum http://jenkins-x-chartmuseum:8080
Successfully added Helm repository jenkins-x-chartmuseum.
WARNING: No $CHART_REPOSITORY defined so using the default value of: http://jenkins-x-chartmuseum:8080
Adding missing Helm repo: chartmuseum.jenkins-x.io http://chartmuseum.jenkins-x.io
Successfully added Helm repository chartmuseum.jenkins-x.io.

Showing logs for build [32mcb-kubecd-bdd-gh-1568281553-pr-1[0m stage [32mfrom-build-pack[0m and container [32mstep-promote-jx-preview[0m
Creating a preview
WARNING: No author for commit: 890b500a811531e6af9d14cc56ef2dd33cf5953b
Created environment cb-kubecd-bdd-gh-1568281553-pr-1
Namespace **-cb-kubecd-bdd-gh-1568281553-pr-1 created 
expose:
  Annotations:
    helm.sh/hook: post-install,post-upgrade
    helm.sh/hook-delete-policy: hook-succeeded
  config:
    domain: 35.205.188.87.nip.io
    exposer: Ingress
    http: "true"
preview:
  image:
    repository: gcr.io/jenkins-x-bdd3/bdd-gh-1568281553
    tag: 0.0.0-SNAPSHOT-PR-1-1
Deleting and cloning the Jenkins X versions repo
Cloning the Jenkins X versions repo https://github.com/jenkins-x/jenkins-x-versions.git with ref refs/heads/master to /builder/home/.**/jenkins-x-versions


Updating PipelineActivities cb-kubecd-bdd-gh-1568281553-pr-1-1 which has status Running
Preview application is now available at: http://bdd-gh-1568281553.**-cb-kubecd-bdd-gh-1568281553-pr-1.35.205.188.87.nip.io
