
Showing logs for build [32mcb-kubecd-bdd-gh-1568281553-mas-1[0m stage [32mmeta-pipeline[0m and container [32mstep-credential-initializer-jhc5s[0m
{"level":"warn","ts":1568281579.1861267,"logger":"fallback-logger","caller":"logging/config.go:69","msg":"Fetch GitHub commit ID from kodata failed: \"ref: refs/heads/master\" is not a valid GitHub commit ID"}
{"level":"info","ts":1568281579.1868021,"logger":"fallback-logger","caller":"creds-init/main.go:40","msg":"Credentials initialized."}

Showing logs for build [32mcb-kubecd-bdd-gh-1568281553-mas-1[0m stage [32mmeta-pipeline[0m and container [32mstep-working-dir-initializer-5d48z[0m
{"level":"warn","ts":1568281581.1151526,"logger":"fallback-logger","caller":"logging/config.go:69","msg":"Fetch GitHub commit ID from kodata failed: open /var/run/ko/HEAD: no such file or directory"}
{"level":"info","ts":1568281581.121905,"logger":"fallback-logger","caller":"bash/main.go:65","msg":"Successfully executed command \"mkdir -p /workspace/source\""}

Showing logs for build [32mcb-kubecd-bdd-gh-1568281553-mas-1[0m stage [32mmeta-pipeline[0m and container [32mstep-place-tools[0m

Showing logs for build [32mcb-kubecd-bdd-gh-1568281553-mas-1[0m stage [32mmeta-pipeline[0m and container [32mstep-git-source-meta-cb-kubecd-bdd-gh-156828155-t846m[0m
{"level":"warn","ts":1568281611.2051294,"logger":"fallback-logger","caller":"logging/config.go:69","msg":"Fetch GitHub commit ID from kodata failed: \"ref: refs/heads/master\" is not a valid GitHub commit ID"}
{"level":"info","ts":1568281612.3098962,"logger":"fallback-logger","caller":"git/git.go:102","msg":"Successfully cloned https://github.com/cb-kubecd/bdd-gh-1568281553.git @ 18ab4eed89cc4ecd0966c10bd8dee3040789574a in path /workspace/source"}

Showing logs for build [32mcb-kubecd-bdd-gh-1568281553-mas-1[0m stage [32mmeta-pipeline[0m and container [32mstep-git-merge[0m
Using SHAs from PULL_REFS=master:18ab4eed89cc4ecd0966c10bd8dee3040789574a
WARNING: no SHAs to merge, falling back to initial cloned commit

Showing logs for build [32mcb-kubecd-bdd-gh-1568281553-mas-1[0m stage [32mmeta-pipeline[0m and container [32mstep-merge-pull-refs[0m
SKIP merge-pull-refs: Nothing to merge

Showing logs for build [32mcb-kubecd-bdd-gh-1568281553-mas-1[0m stage [32mmeta-pipeline[0m and container [32mstep-create-effective-pipeline[0m
Deleting and cloning the Jenkins X versions repo
Cloning the Jenkins X versions repo https://github.com/jenkins-x/jenkins-x-versions.git with ref refs/heads/master to /builder/home/.**/jenkins-x-versions
Effective pipeline written to jenkins-x-effective.yml

Showing logs for build [32mcb-kubecd-bdd-gh-1568281553-mas-1[0m stage [32mmeta-pipeline[0m and container [32mstep-create-tekton-crds[0m
running command: echo \$(**-release-version) > VERSION

running command: ** step tag --version \$(cat VERSION)
Updating chart version in charts/bdd-gh-1568281553/Chart.yaml to 0.0.1
Updating repository in charts/bdd-gh-1568281553/values.yaml to gcr.io/jenkins-x-bdd3/bdd-gh-1568281553
Updating tag in charts/bdd-gh-1568281553/values.yaml to 0.0.1
Tag v0.0.1 created and pushed to remote origin

PipelineActivity for cb-kubecd-bdd-gh-1568281553-master-1
Applying changes 
upserted PipelineResource cb-kubecd-bdd-gh-1568281553-mas for the git repository https://github.com/cb-kubecd/bdd-gh-1568281553.git
upserted Task cb-kubecd-bdd-gh-1568281553-mas-from-build-pack-1
upserted Pipeline cb-kubecd-bdd-gh-1568281553-mas-1
created PipelineRun cb-kubecd-bdd-gh-1568281553-mas-1
created PipelineStructure cb-kubecd-bdd-gh-1568281553-mas-1

Showing logs for build [32mcb-kubecd-bdd-gh-1568281553-mas-1[0m stage [32mfrom-build-pack[0m and container [32mstep-credential-initializer-bdf7b[0m
{"level":"warn","ts":1568281625.1111593,"logger":"fallback-logger","caller":"logging/config.go:69","msg":"Fetch GitHub commit ID from kodata failed: \"ref: refs/heads/master\" is not a valid GitHub commit ID"}
{"level":"info","ts":1568281625.1119347,"logger":"fallback-logger","caller":"creds-init/main.go:40","msg":"Credentials initialized."}

Showing logs for build [32mcb-kubecd-bdd-gh-1568281553-mas-1[0m stage [32mfrom-build-pack[0m and container [32mstep-working-dir-initializer-2mcgn[0m
{"level":"warn","ts":1568281626.0952818,"logger":"fallback-logger","caller":"logging/config.go:69","msg":"Fetch GitHub commit ID from kodata failed: open /var/run/ko/HEAD: no such file or directory"}
{"level":"info","ts":1568281626.0984023,"logger":"fallback-logger","caller":"bash/main.go:65","msg":"Successfully executed command \"mkdir -p /workspace/source /workspace/source/charts/bdd-gh-1568281553\""}

Showing logs for build [32mcb-kubecd-bdd-gh-1568281553-mas-1[0m stage [32mfrom-build-pack[0m and container [32mstep-place-tools[0m

Showing logs for build [32mcb-kubecd-bdd-gh-1568281553-mas-1[0m stage [32mfrom-build-pack[0m and container [32mstep-git-source-cb-kubecd-bdd-gh-1568281553-mas-bdkrj[0m
{"level":"warn","ts":1568281703.2834842,"logger":"fallback-logger","caller":"logging/config.go:69","msg":"Fetch GitHub commit ID from kodata failed: \"ref: refs/heads/master\" is not a valid GitHub commit ID"}
{"level":"info","ts":1568281704.5432684,"logger":"fallback-logger","caller":"git/git.go:102","msg":"Successfully cloned https://github.com/cb-kubecd/bdd-gh-1568281553.git @ v0.0.1 in path /workspace/source"}

Showing logs for build [32mcb-kubecd-bdd-gh-1568281553-mas-1[0m stage [32mfrom-build-pack[0m and container [32mstep-git-merge[0m
Using SHAs from PULL_REFS=master:18ab4eed89cc4ecd0966c10bd8dee3040789574a
WARNING: no SHAs to merge, falling back to initial cloned commit

Showing logs for build [32mcb-kubecd-bdd-gh-1568281553-mas-1[0m stage [32mfrom-build-pack[0m and container [32mstep-setup-jx-git-credentials[0m
Generated Git credentials file /workspace/xdg_config/git/credentials

Showing logs for build [32mcb-kubecd-bdd-gh-1568281553-mas-1[0m stage [32mfrom-build-pack[0m and container [32mstep-build-make-build[0m
CGO_ENABLED=0 GO15VENDOREXPERIMENT=1 go build -ldflags '' -o bin/bdd-gh-1568281553 main.go

Showing logs for build [32mcb-kubecd-bdd-gh-1568281553-mas-1[0m stage [32mfrom-build-pack[0m and container [32mstep-build-container-build[0m
[36mINFO[0m[0000] No base image, nothing to extract            
[36mINFO[0m[0000] cmd: EXPOSE                                  
[36mINFO[0m[0000] Adding exposed port: 8080/tcp                
[36mINFO[0m[0000] Using files from context: [/workspace/source/bin] 
[36mINFO[0m[0000] Skipping unpacking as no commands require it. 
[36mINFO[0m[0000] Taking snapshot of full filesystem...        
[36mINFO[0m[0000] EXPOSE 8080                                  
[36mINFO[0m[0000] cmd: EXPOSE                                  
[36mINFO[0m[0000] Adding exposed port: 8080/tcp                
[36mINFO[0m[0000] No files changed in this command, skipping snapshotting. 
[36mINFO[0m[0000] ENTRYPOINT ["/bdd-gh-1568281553"]            
[36mINFO[0m[0000] No files changed in this command, skipping snapshotting. 
[36mINFO[0m[0000] Using files from context: [/workspace/source/bin] 
[36mINFO[0m[0000] COPY ./bin/ /                                
[36mINFO[0m[0000] Taking snapshot of files...                  
2019/09/12 09:48:37 pushed blob: sha256:74593235acbbcf43e078b75048ae7c251e818dc474a6effd59c34a787e11d1b1
2019/09/12 09:48:38 pushed blob: sha256:c7bc8224db2497bbbb712d2aa5dadcf9b683ac6dc0c7c9044327a5cfa7f45972
2019/09/12 09:48:40 gcr.io/jenkins-x-bdd3/bdd-gh-1568281553:0.0.1: digest: sha256:ac2bd5bd05c8711635cd399ac77cd91a34507e5c96dc05cb0f61f1e4b13a1cea size: 428

Showing logs for build [32mcb-kubecd-bdd-gh-1568281553-mas-1[0m stage [32mfrom-build-pack[0m and container [32mstep-build-post-build[0m
no CVE provider running in the current ** namespace so skip adding image to be analysed

Showing logs for build [32mcb-kubecd-bdd-gh-1568281553-mas-1[0m stage [32mfrom-build-pack[0m and container [32mstep-promote-changelog[0m
Converted /workspace/source/charts/bdd-gh-1568281553 to an unshallow repository
no previous commit version found so change diff unavailable

Showing logs for build [32mcb-kubecd-bdd-gh-1568281553-mas-1[0m stage [32mfrom-build-pack[0m and container [32mstep-promote-helm-release[0m
WARNING: No $CHART_REPOSITORY defined so using the default value of: http://jenkins-x-chartmuseum:8080
Adding missing Helm repo: storage.googleapis.com https://storage.googleapis.com/chartmuseum.jenkins-x.io
Successfully added Helm repository storage.googleapis.com.
Adding missing Helm repo: jenkins-x-chartmuseum http://jenkins-x-chartmuseum:8080
Successfully added Helm repository jenkins-x-chartmuseum.
WARNING: No $CHART_REPOSITORY defined so using the default value of: http://jenkins-x-chartmuseum:8080
Uploading chart file bdd-gh-1568281553-0.0.1.tgz to http://jenkins-x-chartmuseum:8080/api/charts
Received 201 response: {"saved":true}

Showing logs for build [32mcb-kubecd-bdd-gh-1568281553-mas-1[0m stage [32mfrom-build-pack[0m and container [32mstep-promote-jx-promote[0m
WARNING: prow based install so skip waiting for the merge of Pull Requests to go green as currently there is an issue with gettingstatuses from the PR, see https://github.com/jenkins-x/**/issues/2410
Promoting app bdd-gh-1568281553 version 0.0.1 to namespace **-staging
Created Pull Request: https://github.com/cb-kubecd/environment-pr-5442-15-tekton-gkebdd-staging/pull/2
Pull Request https://github.com/cb-kubecd/environment-pr-5442-15-tekton-gkebdd-staging/pull/2 is merged at sha 23ea9508b702a693fea7f63be730ac441b47a6bc
Pull Request merged but we are not waiting for the update pipeline to complete!
WARNING: Could not find the service URL in namespace **-staging for names bdd-gh-1568281553, **-bdd-gh-1568281553, **-staging-bdd-gh-1568281553
